<?xml version="1.0" encoding="UTF-8"?>
<!-- Generated by org.testng.reporters.JUnitReportReporter -->
<testsuite name="validui.testcases.TC001_VerifyLogin" tests="1" time="33.075" ignored="0" failures="0" timestamp="19 Aug 2018 06:57:10 GMT" skipped="0" hostname="Acer" errors="0">
  <testcase name="login" time="33.075" classname="validui.testcases.TC001_VerifyLogin"/>
</testsuite> <!-- validui.testcases.TC001_VerifyLogin -->
