<?xml version="1.0" encoding="UTF-8"?>
<!-- Generated by org.testng.reporters.JUnitReportReporter -->
<testsuite name="validui.testcases.TC002_VerifyLogin" tests="2" time="22.686" ignored="0" failures="0" timestamp="26 Aug 2018 11:18:01 GMT" skipped="0" hostname="Acer" errors="0">
  <testcase name="login" time="21.696" classname="validui.testcases.TC002_VerifyLogin"/>
  <testcase name="verifyApplicationName" time="0.990" classname="validui.testcases.TC002_VerifyLogin"/>
</testsuite> <!-- validui.testcases.TC002_VerifyLogin -->
