<?xml version="1.0" encoding="UTF-8"?>
<!-- Generated by org.testng.reporters.JUnitReportReporter -->
<testsuite name="validui.testcases.CheckTestng" tests="2" time="0.021" ignored="0" failures="0" timestamp="19 Aug 2018 07:13:33 GMT" skipped="0" hostname="Acer" errors="0">
  <testcase name="m1" time="0.013" classname="validui.testcases.CheckTestng"/>
  <testcase name="m2" time="0.008" classname="validui.testcases.CheckTestng"/>
</testsuite> <!-- validui.testcases.CheckTestng -->
